  [1m[36mActiveRecord::SchemaMigration Load (49.5ms)[0m  [1mSELECT `schema_migrations`.* FROM `schema_migrations`[0m
  [1m[35mActiveRecord::SchemaMigration Load (0.5ms)[0m  SELECT `schema_migrations`.* FROM `schema_migrations`
  [1m[36m (43.5ms)[0m  [1mSELECT fk.referenced_table_name as 'to_table'
      ,fk.referenced_column_name as 'primary_key'
      ,fk.column_name as 'column'
      ,fk.constraint_name as 'name'
FROM information_schema.key_column_usage fk
WHERE fk.referenced_column_name is not null
  AND fk.table_schema = 'protospace-in-dev_development'
  AND fk.table_name = 'captured_images'
[0m
  [1m[35m (0.5ms)[0m  SHOW CREATE TABLE `captured_images`
  [1m[36m (0.6ms)[0m  [1mSELECT fk.referenced_table_name as 'to_table'
      ,fk.referenced_column_name as 'primary_key'
      ,fk.column_name as 'column'
      ,fk.constraint_name as 'name'
FROM information_schema.key_column_usage fk
WHERE fk.referenced_column_name is not null
  AND fk.table_schema = 'protospace-in-dev_development'
  AND fk.table_name = 'prototypes'
[0m
  [1m[35m (0.3ms)[0m  SHOW CREATE TABLE `prototypes`
  [1m[36m (0.6ms)[0m  [1mSELECT fk.referenced_table_name as 'to_table'
      ,fk.referenced_column_name as 'primary_key'
      ,fk.column_name as 'column'
      ,fk.constraint_name as 'name'
FROM information_schema.key_column_usage fk
WHERE fk.referenced_column_name is not null
  AND fk.table_schema = 'protospace-in-dev_development'
  AND fk.table_name = 'users'
[0m
  [1m[35m (0.3ms)[0m  SHOW CREATE TABLE `users`


Started GET "/" for ::1 at 2018-02-14 09:32:42 +0900

ActiveRecord::NoDatabaseError (Unknown database 'protospace-in-dev_development'):
  activerecord (4.2.5) lib/active_record/connection_adapters/mysql2_adapter.rb:23:in `rescue in mysql2_connection'
  activerecord (4.2.5) lib/active_record/connection_adapters/mysql2_adapter.rb:10:in `mysql2_connection'
  activerecord (4.2.5) lib/active_record/connection_adapters/abstract/connection_pool.rb:438:in `new_connection'
  activerecord (4.2.5) lib/active_record/connection_adapters/abstract/connection_pool.rb:448:in `checkout_new_connection'
  activerecord (4.2.5) lib/active_record/connection_adapters/abstract/connection_pool.rb:422:in `acquire_connection'
  activerecord (4.2.5) lib/active_record/connection_adapters/abstract/connection_pool.rb:349:in `block in checkout'
  /Users/yokomizoyuuki/.rbenv/versions/2.3.1/lib/ruby/2.3.0/monitor.rb:214:in `mon_synchronize'
  activerecord (4.2.5) lib/active_record/connection_adapters/abstract/connection_pool.rb:348:in `checkout'
  activerecord (4.2.5) lib/active_record/connection_adapters/abstract/connection_pool.rb:263:in `block in connection'
  /Users/yokomizoyuuki/.rbenv/versions/2.3.1/lib/ruby/2.3.0/monitor.rb:214:in `mon_synchronize'
  activerecord (4.2.5) lib/active_record/connection_adapters/abstract/connection_pool.rb:262:in `connection'
  activerecord (4.2.5) lib/active_record/connection_adapters/abstract/connection_pool.rb:571:in `retrieve_connection'
  activerecord (4.2.5) lib/active_record/connection_handling.rb:113:in `retrieve_connection'
  activerecord (4.2.5) lib/active_record/connection_handling.rb:87:in `connection'
  activerecord (4.2.5) lib/active_record/migration.rb:383:in `connection'
  activerecord (4.2.5) lib/active_record/migration.rb:370:in `call'
  actionpack (4.2.5) lib/action_dispatch/middleware/callbacks.rb:29:in `block in call'
  activesupport (4.2.5) lib/active_support/callbacks.rb:88:in `__run_callbacks__'
  activesupport (4.2.5) lib/active_support/callbacks.rb:778:in `_run_call_callbacks'
  activesupport (4.2.5) lib/active_support/callbacks.rb:81:in `run_callbacks'
  actionpack (4.2.5) lib/action_dispatch/middleware/callbacks.rb:27:in `call'
  actionpack (4.2.5) lib/action_dispatch/middleware/reloader.rb:73:in `call'
  actionpack (4.2.5) lib/action_dispatch/middleware/remote_ip.rb:78:in `call'
  actionpack (4.2.5) lib/action_dispatch/middleware/debug_exceptions.rb:17:in `call'
  web-console (2.3.0) lib/web_console/middleware.rb:28:in `block in call'
  web-console (2.3.0) lib/web_console/middleware.rb:18:in `catch'
  web-console (2.3.0) lib/web_console/middleware.rb:18:in `call'
  actionpack (4.2.5) lib/action_dispatch/middleware/show_exceptions.rb:30:in `call'
  railties (4.2.5) lib/rails/rack/logger.rb:38:in `call_app'
  railties (4.2.5) lib/rails/rack/logger.rb:20:in `block in call'
  activesupport (4.2.5) lib/active_support/tagged_logging.rb:68:in `block in tagged'
  activesupport (4.2.5) lib/active_support/tagged_logging.rb:26:in `tagged'
  activesupport (4.2.5) lib/active_support/tagged_logging.rb:68:in `tagged'
  railties (4.2.5) lib/rails/rack/logger.rb:20:in `call'
  actionpack (4.2.5) lib/action_dispatch/middleware/request_id.rb:21:in `call'
  rack (1.6.8) lib/rack/methodoverride.rb:22:in `call'
  rack (1.6.8) lib/rack/runtime.rb:18:in `call'
  activesupport (4.2.5) lib/active_support/cache/strategy/local_cache_middleware.rb:28:in `call'
  rack (1.6.8) lib/rack/lock.rb:17:in `call'
  actionpack (4.2.5) lib/action_dispatch/middleware/static.rb:116:in `call'
  rack (1.6.8) lib/rack/sendfile.rb:113:in `call'
  railties (4.2.5) lib/rails/engine.rb:518:in `call'
  railties (4.2.5) lib/rails/application.rb:165:in `call'
  rack (1.6.8) lib/rack/lock.rb:17:in `call'
  rack (1.6.8) lib/rack/content_length.rb:15:in `call'
  rack (1.6.8) lib/rack/handler/webrick.rb:88:in `service'
  /Users/yokomizoyuuki/.rbenv/versions/2.3.1/lib/ruby/2.3.0/webrick/httpserver.rb:140:in `service'
  /Users/yokomizoyuuki/.rbenv/versions/2.3.1/lib/ruby/2.3.0/webrick/httpserver.rb:96:in `run'
  /Users/yokomizoyuuki/.rbenv/versions/2.3.1/lib/ruby/2.3.0/webrick/server.rb:296:in `block in start_thread'


  Rendered /Users/yokomizoyuuki/.rbenv/versions/2.3.1/lib/ruby/gems/2.3.0/gems/actionpack-4.2.5/lib/action_dispatch/middleware/templates/rescues/_source.erb (3.2ms)
  Rendered /Users/yokomizoyuuki/.rbenv/versions/2.3.1/lib/ruby/gems/2.3.0/gems/actionpack-4.2.5/lib/action_dispatch/middleware/templates/rescues/_trace.html.erb (1.4ms)
  Rendered /Users/yokomizoyuuki/.rbenv/versions/2.3.1/lib/ruby/gems/2.3.0/gems/actionpack-4.2.5/lib/action_dispatch/middleware/templates/rescues/_request_and_response.html.erb (0.8ms)
  Rendered /Users/yokomizoyuuki/.rbenv/versions/2.3.1/lib/ruby/gems/2.3.0/gems/actionpack-4.2.5/lib/action_dispatch/middleware/templates/rescues/diagnostics.html.erb within rescues/layout (85.2ms)
  Rendered /Users/yokomizoyuuki/.rbenv/versions/2.3.1/lib/ruby/gems/2.3.0/gems/web-console-2.3.0/lib/web_console/templates/_markup.html.erb (0.5ms)
  Rendered /Users/yokomizoyuuki/.rbenv/versions/2.3.1/lib/ruby/gems/2.3.0/gems/web-console-2.3.0/lib/web_console/templates/_inner_console_markup.html.erb within layouts/inlined_string (0.3ms)
  Rendered /Users/yokomizoyuuki/.rbenv/versions/2.3.1/lib/ruby/gems/2.3.0/gems/web-console-2.3.0/lib/web_console/templates/_prompt_box_markup.html.erb within layouts/inlined_string (0.3ms)
  Rendered /Users/yokomizoyuuki/.rbenv/versions/2.3.1/lib/ruby/gems/2.3.0/gems/web-console-2.3.0/lib/web_console/templates/style.css.erb within layouts/inlined_string (0.3ms)
  Rendered /Users/yokomizoyuuki/.rbenv/versions/2.3.1/lib/ruby/gems/2.3.0/gems/web-console-2.3.0/lib/web_console/templates/console.js.erb within layouts/javascript (86.5ms)
  Rendered /Users/yokomizoyuuki/.rbenv/versions/2.3.1/lib/ruby/gems/2.3.0/gems/web-console-2.3.0/lib/web_console/templates/main.js.erb within layouts/javascript (0.3ms)
  Rendered /Users/yokomizoyuuki/.rbenv/versions/2.3.1/lib/ruby/gems/2.3.0/gems/web-console-2.3.0/lib/web_console/templates/error_page.js.erb within layouts/javascript (0.4ms)
  Rendered /Users/yokomizoyuuki/.rbenv/versions/2.3.1/lib/ruby/gems/2.3.0/gems/web-console-2.3.0/lib/web_console/templates/index.html.erb (180.3ms)
  [1m[36m (38.8ms)[0m  [1mCREATE TABLE `schema_migrations` (`version` varchar(255) NOT NULL) ENGINE=InnoDB[0m
  [1m[35m (16.0ms)[0m  CREATE UNIQUE INDEX `unique_schema_migrations`  ON `schema_migrations` (`version`) 
  [1m[36mActiveRecord::SchemaMigration Load (0.5ms)[0m  [1mSELECT `schema_migrations`.* FROM `schema_migrations`[0m
Migrating to DeviseCreateUsers (20160323125221)
  [1m[35m (9.7ms)[0m  CREATE TABLE `users` (`id` int(11) auto_increment PRIMARY KEY, `email` varchar(255) DEFAULT '' NOT NULL, `encrypted_password` varchar(255) DEFAULT '' NOT NULL, `reset_password_token` varchar(255), `reset_password_sent_at` datetime, `remember_created_at` datetime, `sign_in_count` int(11) DEFAULT 0 NOT NULL, `current_sign_in_at` datetime, `last_sign_in_at` datetime, `current_sign_in_ip` varchar(255), `last_sign_in_ip` varchar(255), `name` varchar(255), `profile` text, `position` varchar(255), `occupation` text, `avatar` varchar(255), `created_at` datetime NOT NULL, `updated_at` datetime NOT NULL) ENGINE=InnoDB
  [1m[36m (12.1ms)[0m  [1mCREATE UNIQUE INDEX `index_users_on_email`  ON `users` (`email`) [0m
  [1m[35m (12.8ms)[0m  CREATE UNIQUE INDEX `index_users_on_reset_password_token`  ON `users` (`reset_password_token`) 
  [1m[36m (0.1ms)[0m  [1mBEGIN[0m
  [1m[35mSQL (0.8ms)[0m  INSERT INTO `schema_migrations` (`version`) VALUES ('20160323125221')
  [1m[36m (0.3ms)[0m  [1mCOMMIT[0m
Migrating to CreatePrototypes (20160405022458)
  [1m[35m (12.1ms)[0m  CREATE TABLE `prototypes` (`id` int(11) auto_increment PRIMARY KEY, `title` varchar(255), `catch_copy` varchar(255), `concept` text, `user_id` int(11), `created_at` datetime NOT NULL, `updated_at` datetime NOT NULL,  INDEX `index_prototypes_on_user_id`  (`user_id`) ) ENGINE=InnoDB
  [1m[36m (21.6ms)[0m  [1mALTER TABLE `prototypes` ADD CONSTRAINT `fk_rails_8add56efc2`
FOREIGN KEY (`user_id`)
  REFERENCES `users` (`id`)
[0m
  [1m[35m (0.2ms)[0m  BEGIN
  [1m[36mSQL (0.2ms)[0m  [1mINSERT INTO `schema_migrations` (`version`) VALUES ('20160405022458')[0m
  [1m[35m (0.3ms)[0m  COMMIT
Migrating to CreateCapturedImages (20160405022520)
  [1m[36m (11.1ms)[0m  [1mCREATE TABLE `captured_images` (`id` int(11) auto_increment PRIMARY KEY, `content` varchar(255), `status` int(11), `prototype_id` int(11),  INDEX `index_captured_images_on_prototype_id`  (`prototype_id`) ) ENGINE=InnoDB[0m
  [1m[35m (16.7ms)[0m  ALTER TABLE `captured_images` ADD CONSTRAINT `fk_rails_9e708a4f57`
FOREIGN KEY (`prototype_id`)
  REFERENCES `prototypes` (`id`)

  [1m[36m (0.1ms)[0m  [1mBEGIN[0m
  [1m[35mSQL (0.1ms)[0m  INSERT INTO `schema_migrations` (`version`) VALUES ('20160405022520')
  [1m[36m (0.4ms)[0m  [1mCOMMIT[0m
  [1m[35mActiveRecord::SchemaMigration Load (0.7ms)[0m  SELECT `schema_migrations`.* FROM `schema_migrations`
  [1m[36m (2.0ms)[0m  [1mSELECT fk.referenced_table_name as 'to_table'
      ,fk.referenced_column_name as 'primary_key'
      ,fk.column_name as 'column'
      ,fk.constraint_name as 'name'
FROM information_schema.key_column_usage fk
WHERE fk.referenced_column_name is not null
  AND fk.table_schema = 'protospace-in-dev_development'
  AND fk.table_name = 'captured_images'
[0m
  [1m[35m (0.1ms)[0m  SHOW CREATE TABLE `captured_images`
  [1m[36m (0.4ms)[0m  [1mSELECT fk.referenced_table_name as 'to_table'
      ,fk.referenced_column_name as 'primary_key'
      ,fk.column_name as 'column'
      ,fk.constraint_name as 'name'
FROM information_schema.key_column_usage fk
WHERE fk.referenced_column_name is not null
  AND fk.table_schema = 'protospace-in-dev_development'
  AND fk.table_name = 'prototypes'
[0m
  [1m[35m (0.1ms)[0m  SHOW CREATE TABLE `prototypes`
  [1m[36m (0.2ms)[0m  [1mSELECT fk.referenced_table_name as 'to_table'
      ,fk.referenced_column_name as 'primary_key'
      ,fk.column_name as 'column'
      ,fk.constraint_name as 'name'
FROM information_schema.key_column_usage fk
WHERE fk.referenced_column_name is not null
  AND fk.table_schema = 'protospace-in-dev_development'
  AND fk.table_name = 'users'
[0m
  [1m[35m (0.1ms)[0m  SHOW CREATE TABLE `users`


Started GET "/" for ::1 at 2018-02-14 09:35:02 +0900
  [1m[36mActiveRecord::SchemaMigration Load (0.2ms)[0m  [1mSELECT `schema_migrations`.* FROM `schema_migrations`[0m
Processing by PrototypesController#index as HTML
DEPRECATION WARNING: Extra .css in SCSS file is unnecessary. Rename /Users/yokomizoyuuki/projects/22_protospace_team-a/app/assets/stylesheets/protospace.css.scss to /Users/yokomizoyuuki/projects/22_protospace_team-a/app/assets/stylesheets/protospace.scss. (called from _app_views_prototypes_index_html_haml___4602495876911208078_70109129842140 at /Users/yokomizoyuuki/projects/22_protospace_team-a/app/views/prototypes/index.html.haml:3)
  Rendered prototypes/index.html.haml within layouts/application (2713.4ms)
Completed 500 Internal Server Error in 2747ms (ActiveRecord: 0.0ms)

ActionView::Template::Error (Invalid CSS after "}": expected "}", was ""):
    1: .jumbotron
    2:   .container.text-center
    3:     = image_tag("header_logo.png", alt: "PROTO TYPE - SHARE THE PROTOTYPE", height: "73px")
    4: 
    5: .filter-nav
    6:   .container
  app/assets/stylesheets/protospace.css.scss:638
  app/assets/stylesheets/application.css.scss:3
  app/views/prototypes/index.html.haml:3:in `_app_views_prototypes_index_html_haml___4602495876911208078_70109129842140'


  Rendered /Users/yokomizoyuuki/.rbenv/versions/2.3.1/lib/ruby/gems/2.3.0/gems/actionpack-4.2.5/lib/action_dispatch/middleware/templates/rescues/_source.erb (7.1ms)
  Rendered /Users/yokomizoyuuki/.rbenv/versions/2.3.1/lib/ruby/gems/2.3.0/gems/actionpack-4.2.5/lib/action_dispatch/middleware/templates/rescues/_trace.html.erb (3.0ms)
  Rendered /Users/yokomizoyuuki/.rbenv/versions/2.3.1/lib/ruby/gems/2.3.0/gems/actionpack-4.2.5/lib/action_dispatch/middleware/templates/rescues/_request_and_response.html.erb (0.7ms)
  Rendered /Users/yokomizoyuuki/.rbenv/versions/2.3.1/lib/ruby/gems/2.3.0/gems/actionpack-4.2.5/lib/action_dispatch/middleware/templates/rescues/template_error.html.erb within rescues/layout (87.2ms)
  Rendered /Users/yokomizoyuuki/.rbenv/versions/2.3.1/lib/ruby/gems/2.3.0/gems/web-console-2.3.0/lib/web_console/templates/_markup.html.erb (0.5ms)
  Rendered /Users/yokomizoyuuki/.rbenv/versions/2.3.1/lib/ruby/gems/2.3.0/gems/web-console-2.3.0/lib/web_console/templates/_inner_console_markup.html.erb within layouts/inlined_string (0.3ms)
  Rendered /Users/yokomizoyuuki/.rbenv/versions/2.3.1/lib/ruby/gems/2.3.0/gems/web-console-2.3.0/lib/web_console/templates/_prompt_box_markup.html.erb within layouts/inlined_string (0.3ms)
  Rendered /Users/yokomizoyuuki/.rbenv/versions/2.3.1/lib/ruby/gems/2.3.0/gems/web-console-2.3.0/lib/web_console/templates/style.css.erb within layouts/inlined_string (0.4ms)
  Rendered /Users/yokomizoyuuki/.rbenv/versions/2.3.1/lib/ruby/gems/2.3.0/gems/web-console-2.3.0/lib/web_console/templates/console.js.erb within layouts/javascript (75.0ms)
  Rendered /Users/yokomizoyuuki/.rbenv/versions/2.3.1/lib/ruby/gems/2.3.0/gems/web-console-2.3.0/lib/web_console/templates/main.js.erb within layouts/javascript (0.4ms)
  Rendered /Users/yokomizoyuuki/.rbenv/versions/2.3.1/lib/ruby/gems/2.3.0/gems/web-console-2.3.0/lib/web_console/templates/error_page.js.erb within layouts/javascript (0.3ms)
  Rendered /Users/yokomizoyuuki/.rbenv/versions/2.3.1/lib/ruby/gems/2.3.0/gems/web-console-2.3.0/lib/web_console/templates/index.html.erb (171.4ms)


Started GET "/" for ::1 at 2018-02-14 09:35:06 +0900
Processing by PrototypesController#index as HTML
DEPRECATION WARNING: Extra .css in SCSS file is unnecessary. Rename /Users/yokomizoyuuki/projects/22_protospace_team-a/app/assets/stylesheets/protospace.css.scss to /Users/yokomizoyuuki/projects/22_protospace_team-a/app/assets/stylesheets/protospace.scss. (called from _app_views_prototypes_index_html_haml___4602495876911208078_70109129842140 at /Users/yokomizoyuuki/projects/22_protospace_team-a/app/views/prototypes/index.html.haml:3)
  Rendered prototypes/index.html.haml within layouts/application (609.6ms)
Completed 500 Internal Server Error in 614ms (ActiveRecord: 0.0ms)

ActionView::Template::Error (Invalid CSS after "}": expected "}", was ""):
    1: .jumbotron
    2:   .container.text-center
    3:     = image_tag("header_logo.png", alt: "PROTO TYPE - SHARE THE PROTOTYPE", height: "73px")
    4: 
    5: .filter-nav
    6:   .container
  app/assets/stylesheets/protospace.css.scss:638
  app/assets/stylesheets/application.css.scss:3
  app/views/prototypes/index.html.haml:3:in `_app_views_prototypes_index_html_haml___4602495876911208078_70109129842140'


  Rendered /Users/yokomizoyuuki/.rbenv/versions/2.3.1/lib/ruby/gems/2.3.0/gems/actionpack-4.2.5/lib/action_dispatch/middleware/templates/rescues/_source.erb (7.6ms)
  Rendered /Users/yokomizoyuuki/.rbenv/versions/2.3.1/lib/ruby/gems/2.3.0/gems/actionpack-4.2.5/lib/action_dispatch/middleware/templates/rescues/_trace.html.erb (3.0ms)
  Rendered /Users/yokomizoyuuki/.rbenv/versions/2.3.1/lib/ruby/gems/2.3.0/gems/actionpack-4.2.5/lib/action_dispatch/middleware/templates/rescues/_request_and_response.html.erb (0.7ms)
  Rendered /Users/yokomizoyuuki/.rbenv/versions/2.3.1/lib/ruby/gems/2.3.0/gems/actionpack-4.2.5/lib/action_dispatch/middleware/templates/rescues/template_error.html.erb within rescues/layout (76.3ms)
  Rendered /Users/yokomizoyuuki/.rbenv/versions/2.3.1/lib/ruby/gems/2.3.0/gems/web-console-2.3.0/lib/web_console/templates/_markup.html.erb (0.4ms)
  Rendered /Users/yokomizoyuuki/.rbenv/versions/2.3.1/lib/ruby/gems/2.3.0/gems/web-console-2.3.0/lib/web_console/templates/_inner_console_markup.html.erb within layouts/inlined_string (0.3ms)
  Rendered /Users/yokomizoyuuki/.rbenv/versions/2.3.1/lib/ruby/gems/2.3.0/gems/web-console-2.3.0/lib/web_console/templates/_prompt_box_markup.html.erb within layouts/inlined_string (0.3ms)
  Rendered /Users/yokomizoyuuki/.rbenv/versions/2.3.1/lib/ruby/gems/2.3.0/gems/web-console-2.3.0/lib/web_console/templates/style.css.erb within layouts/inlined_string (0.3ms)
  Rendered /Users/yokomizoyuuki/.rbenv/versions/2.3.1/lib/ruby/gems/2.3.0/gems/web-console-2.3.0/lib/web_console/templates/console.js.erb within layouts/javascript (64.3ms)
  Rendered /Users/yokomizoyuuki/.rbenv/versions/2.3.1/lib/ruby/gems/2.3.0/gems/web-console-2.3.0/lib/web_console/templates/main.js.erb within layouts/javascript (0.3ms)
  Rendered /Users/yokomizoyuuki/.rbenv/versions/2.3.1/lib/ruby/gems/2.3.0/gems/web-console-2.3.0/lib/web_console/templates/error_page.js.erb within layouts/javascript (0.4ms)
  Rendered /Users/yokomizoyuuki/.rbenv/versions/2.3.1/lib/ruby/gems/2.3.0/gems/web-console-2.3.0/lib/web_console/templates/index.html.erb (143.9ms)


Started GET "/" for ::1 at 2018-02-14 09:41:46 +0900
Processing by PrototypesController#index as HTML
DEPRECATION WARNING: Extra .css in SCSS file is unnecessary. Rename /Users/yokomizoyuuki/projects/22_protospace_team-a/app/assets/stylesheets/protospace.css.scss to /Users/yokomizoyuuki/projects/22_protospace_team-a/app/assets/stylesheets/protospace.scss. (called from _app_views_prototypes_index_html_haml___4602495876911208078_70109129842140 at /Users/yokomizoyuuki/projects/22_protospace_team-a/app/views/prototypes/index.html.haml:3)
DEPRECATION WARNING: Extra .css in SCSS file is unnecessary. Rename /Users/yokomizoyuuki/projects/22_protospace_team-a/app/assets/stylesheets/protospace.css.scss to /Users/yokomizoyuuki/projects/22_protospace_team-a/app/assets/stylesheets/protospace.scss. (called from _app_views_prototypes_index_html_haml___4602495876911208078_70109129842140 at /Users/yokomizoyuuki/projects/22_protospace_team-a/app/views/prototypes/index.html.haml:3)
  [1m[35mPrototype Load (0.3ms)[0m  SELECT `prototypes`.* FROM `prototypes`
  Rendered prototypes/_prototype.html.haml (0.0ms)
  Rendered prototypes/index.html.haml within layouts/application (1707.9ms)
  Rendered shared/_header.html.haml (17.4ms)
  Rendered shared/_messages.html.haml (2.9ms)
  Rendered shared/_footer.html.haml (8.6ms)
Completed 200 OK in 1829ms (Views: 1825.9ms | ActiveRecord: 2.4ms)


Started GET "/assets/application.self-1c082ac3c42af52351e1e4c54b89fae3d070b4e179f6d5954bfcd3a6e991ced5.css?body=1" for ::1 at 2018-02-14 09:41:48 +0900


Started GET "/assets/application.self-f8806224e027f3e3f0138ea9ce99319e298dfdb323304d1f1be6eae8e8c74724.js?body=1" for ::1 at 2018-02-14 09:41:48 +0900


Started GET "/assets/turbolinks.self-1d1fddf91adc38ac2045c51f0a3e05ca97d07d24d15a4dcbf705009106489e69.js?body=1" for ::1 at 2018-02-14 09:41:48 +0900


Started GET "/assets/bootstrap.self-b38817c3e3a3049abb1fc08dd6ae448b23330f8453226efdb074710209474f75.js?body=1" for ::1 at 2018-02-14 09:41:48 +0900


Started GET "/assets/logo-b99f177af8fb82de2d6d7b86e95c7f329d3d143edd8b225bc2875ad9dd6e0cc3.png" for ::1 at 2018-02-14 09:41:48 +0900


Started GET "/assets/header_logo-8d6ed49cb878026108dcfff6307c69ed2159e006f3ca557869cbfa1cc655a672.png" for ::1 at 2018-02-14 09:41:48 +0900


Started GET "/assets/header_bg-7f8478d544f567fa0568c7851ea2a3d9b914a090658efc7770e6e1d85842b7ef.png" for ::1 at 2018-02-14 09:41:48 +0900


Started GET "/" for ::1 at 2018-02-17 15:00:11 +0900
  [1m[36mActiveRecord::SchemaMigration Load (514.4ms)[0m  [1mSELECT `schema_migrations`.* FROM `schema_migrations`[0m
Processing by PrototypesController#index as HTML
DEPRECATION WARNING: Extra .css in SCSS file is unnecessary. Rename /Users/owner/projects/22_protospace_team-a/app/assets/stylesheets/protospace.css.scss to /Users/owner/projects/22_protospace_team-a/app/assets/stylesheets/protospace.scss. (called from _app_views_prototypes_index_html_haml__2591601841017935511_70327151216780 at /Users/owner/projects/22_protospace_team-a/app/views/prototypes/index.html.haml:3)
DEPRECATION WARNING: Extra .css in SCSS file is unnecessary. Rename /Users/owner/projects/22_protospace_team-a/app/assets/stylesheets/protospace.css.scss to /Users/owner/projects/22_protospace_team-a/app/assets/stylesheets/protospace.scss. (called from _app_views_prototypes_index_html_haml__2591601841017935511_70327151216780 at /Users/owner/projects/22_protospace_team-a/app/views/prototypes/index.html.haml:3)
  [1m[35mPrototype Load (54.7ms)[0m  SELECT `prototypes`.* FROM `prototypes`
  Rendered prototypes/_prototype.html.haml (0.0ms)
  Rendered prototypes/index.html.haml within layouts/application (6798.6ms)
  [1m[36mUser Load (0.5ms)[0m  [1mSELECT  `users`.* FROM `users` WHERE `users`.`id` = 1  ORDER BY `users`.`id` ASC LIMIT 1[0m
  Rendered shared/_header.html.haml (103.8ms)
  Rendered shared/_messages.html.haml (3.3ms)
  Rendered shared/_footer.html.haml (3.4ms)
Completed 200 OK in 7279ms (Views: 7124.9ms | ActiveRecord: 96.3ms)


Started GET "/" for ::1 at 2018-02-17 15:00:19 +0900
Processing by PrototypesController#index as HTML
  [1m[35mPrototype Load (0.4ms)[0m  SELECT `prototypes`.* FROM `prototypes`
  Rendered prototypes/_prototype.html.haml (0.0ms)
  Rendered prototypes/index.html.haml within layouts/application (8.1ms)
  [1m[36mUser Load (0.6ms)[0m  [1mSELECT  `users`.* FROM `users` WHERE `users`.`id` = 1  ORDER BY `users`.`id` ASC LIMIT 1[0m
  Rendered shared/_header.html.haml (3.6ms)
  Rendered shared/_messages.html.haml (0.1ms)
  Rendered shared/_footer.html.haml (0.1ms)
Completed 200 OK in 86ms (Views: 84.3ms | ActiveRecord: 1.0ms)


Started GET "/assets/turbolinks.self-1d1fddf91adc38ac2045c51f0a3e05ca97d07d24d15a4dcbf705009106489e69.js?body=1" for ::1 at 2018-02-17 15:00:19 +0900


Started GET "/assets/application.self-f8806224e027f3e3f0138ea9ce99319e298dfdb323304d1f1be6eae8e8c74724.js?body=1" for ::1 at 2018-02-17 15:00:19 +0900


Started GET "/assets/bootstrap.self-b38817c3e3a3049abb1fc08dd6ae448b23330f8453226efdb074710209474f75.js?body=1" for ::1 at 2018-02-17 15:00:19 +0900


Started GET "/assets/logo-b99f177af8fb82de2d6d7b86e95c7f329d3d143edd8b225bc2875ad9dd6e0cc3.png" for ::1 at 2018-02-17 15:00:19 +0900


Started GET "/assets/header_logo-8d6ed49cb878026108dcfff6307c69ed2159e006f3ca557869cbfa1cc655a672.png" for ::1 at 2018-02-17 15:00:19 +0900


Started GET "/assets/header_bg-7f8478d544f567fa0568c7851ea2a3d9b914a090658efc7770e6e1d85842b7ef.png" for ::1 at 2018-02-17 15:00:20 +0900


Started GET "/groups/1/messages" for ::1 at 2018-02-17 15:27:21 +0900

ActionController::RoutingError (No route matches [GET] "/groups/1/messages"):
  actionpack (4.2.5) lib/action_dispatch/middleware/debug_exceptions.rb:21:in `call'
  web-console (2.3.0) lib/web_console/middleware.rb:28:in `block in call'
  web-console (2.3.0) lib/web_console/middleware.rb:18:in `catch'
  web-console (2.3.0) lib/web_console/middleware.rb:18:in `call'
  actionpack (4.2.5) lib/action_dispatch/middleware/show_exceptions.rb:30:in `call'
  railties (4.2.5) lib/rails/rack/logger.rb:38:in `call_app'
  railties (4.2.5) lib/rails/rack/logger.rb:20:in `block in call'
  activesupport (4.2.5) lib/active_support/tagged_logging.rb:68:in `block in tagged'
  activesupport (4.2.5) lib/active_support/tagged_logging.rb:26:in `tagged'
  activesupport (4.2.5) lib/active_support/tagged_logging.rb:68:in `tagged'
  railties (4.2.5) lib/rails/rack/logger.rb:20:in `call'
  actionpack (4.2.5) lib/action_dispatch/middleware/request_id.rb:21:in `call'
  rack (1.6.8) lib/rack/methodoverride.rb:22:in `call'
  rack (1.6.8) lib/rack/runtime.rb:18:in `call'
  activesupport (4.2.5) lib/active_support/cache/strategy/local_cache_middleware.rb:28:in `call'
  rack (1.6.8) lib/rack/lock.rb:17:in `call'
  actionpack (4.2.5) lib/action_dispatch/middleware/static.rb:116:in `call'
  rack (1.6.8) lib/rack/sendfile.rb:113:in `call'
  railties (4.2.5) lib/rails/engine.rb:518:in `call'
  railties (4.2.5) lib/rails/application.rb:165:in `call'
  rack (1.6.8) lib/rack/lock.rb:17:in `call'
  rack (1.6.8) lib/rack/content_length.rb:15:in `call'
  rack (1.6.8) lib/rack/handler/webrick.rb:88:in `service'
  /Users/owner/.rbenv/versions/2.3.1/lib/ruby/2.3.0/webrick/httpserver.rb:140:in `service'
  /Users/owner/.rbenv/versions/2.3.1/lib/ruby/2.3.0/webrick/httpserver.rb:96:in `run'
  /Users/owner/.rbenv/versions/2.3.1/lib/ruby/2.3.0/webrick/server.rb:296:in `block in start_thread'


  Rendered /Users/owner/.rbenv/versions/2.3.1/lib/ruby/gems/2.3.0/gems/actionpack-4.2.5/lib/action_dispatch/middleware/templates/rescues/_trace.html.erb (2.2ms)
  Rendered /Users/owner/.rbenv/versions/2.3.1/lib/ruby/gems/2.3.0/gems/actionpack-4.2.5/lib/action_dispatch/middleware/templates/routes/_route.html.erb (2.4ms)
  Rendered /Users/owner/.rbenv/versions/2.3.1/lib/ruby/gems/2.3.0/gems/actionpack-4.2.5/lib/action_dispatch/middleware/templates/routes/_table.html.erb (536.7ms)
  Rendered /Users/owner/.rbenv/versions/2.3.1/lib/ruby/gems/2.3.0/gems/actionpack-4.2.5/lib/action_dispatch/middleware/templates/rescues/_request_and_response.html.erb (2.5ms)
  Rendered /Users/owner/.rbenv/versions/2.3.1/lib/ruby/gems/2.3.0/gems/actionpack-4.2.5/lib/action_dispatch/middleware/templates/rescues/routing_error.html.erb within rescues/layout (795.4ms)
  Rendered /Users/owner/.rbenv/versions/2.3.1/lib/ruby/gems/2.3.0/gems/web-console-2.3.0/lib/web_console/templates/_markup.html.erb (0.6ms)
  Rendered /Users/owner/.rbenv/versions/2.3.1/lib/ruby/gems/2.3.0/gems/web-console-2.3.0/lib/web_console/templates/_inner_console_markup.html.erb within layouts/inlined_string (0.5ms)
  Rendered /Users/owner/.rbenv/versions/2.3.1/lib/ruby/gems/2.3.0/gems/web-console-2.3.0/lib/web_console/templates/_prompt_box_markup.html.erb within layouts/inlined_string (0.6ms)
  Rendered /Users/owner/.rbenv/versions/2.3.1/lib/ruby/gems/2.3.0/gems/web-console-2.3.0/lib/web_console/templates/style.css.erb within layouts/inlined_string (0.4ms)
  Rendered /Users/owner/.rbenv/versions/2.3.1/lib/ruby/gems/2.3.0/gems/web-console-2.3.0/lib/web_console/templates/console.js.erb within layouts/javascript (326.2ms)
  Rendered /Users/owner/.rbenv/versions/2.3.1/lib/ruby/gems/2.3.0/gems/web-console-2.3.0/lib/web_console/templates/main.js.erb within layouts/javascript (0.3ms)
  Rendered /Users/owner/.rbenv/versions/2.3.1/lib/ruby/gems/2.3.0/gems/web-console-2.3.0/lib/web_console/templates/error_page.js.erb within layouts/javascript (0.8ms)
  Rendered /Users/owner/.rbenv/versions/2.3.1/lib/ruby/gems/2.3.0/gems/web-console-2.3.0/lib/web_console/templates/index.html.erb (545.4ms)


Started GET "/" for ::1 at 2018-02-20 09:15:56 +0900
  [1m[36mActiveRecord::SchemaMigration Load (0.9ms)[0m  [1mSELECT `schema_migrations`.* FROM `schema_migrations`[0m
Processing by PrototypesController#index as HTML
  [1m[35mPrototype Load (0.6ms)[0m  SELECT `prototypes`.* FROM `prototypes`
  Rendered prototypes/_prototype.html.haml (0.1ms)
  Rendered prototypes/index.html.haml within layouts/application (634.5ms)
  [1m[36mUser Load (0.9ms)[0m  [1mSELECT  `users`.* FROM `users` WHERE `users`.`id` = 1  ORDER BY `users`.`id` ASC LIMIT 1[0m
  Rendered shared/_header.html.haml (113.6ms)
  Rendered shared/_messages.html.haml (2.6ms)
  Rendered shared/_footer.html.haml (2.8ms)
Completed 200 OK in 1192ms (Views: 910.0ms | ActiveRecord: 98.4ms)


Started GET "/assets/application.self-f8806224e027f3e3f0138ea9ce99319e298dfdb323304d1f1be6eae8e8c74724.js?body=1" for ::1 at 2018-02-20 09:15:58 +0900


Started GET "/assets/logo-b99f177af8fb82de2d6d7b86e95c7f329d3d143edd8b225bc2875ad9dd6e0cc3.png" for ::1 at 2018-02-20 09:15:58 +0900


Started GET "/assets/header_logo-8d6ed49cb878026108dcfff6307c69ed2159e006f3ca557869cbfa1cc655a672.png" for ::1 at 2018-02-20 09:15:59 +0900


Started GET "/assets/header_bg-7f8478d544f567fa0568c7851ea2a3d9b914a090658efc7770e6e1d85842b7ef.png" for ::1 at 2018-02-20 09:15:59 +0900


Started GET "/" for ::1 at 2018-02-22 09:22:41 +0900
  [1m[36mActiveRecord::SchemaMigration Load (0.9ms)[0m  [1mSELECT `schema_migrations`.* FROM `schema_migrations`[0m
Processing by PrototypesController#index as HTML
  [1m[35mPrototype Load (0.7ms)[0m  SELECT  `prototypes`.* FROM `prototypes`  ORDER BY created_at DESC LIMIT 5 OFFSET 0
  Rendered prototypes/_prototype.html.haml (0.0ms)
  Rendered prototypes/index.html.haml within layouts/application (1300.6ms)
  [1m[36mUser Load (0.5ms)[0m  [1mSELECT  `users`.* FROM `users` WHERE `users`.`id` = 1  ORDER BY `users`.`id` ASC LIMIT 1[0m
  Rendered shared/_header.html.haml (155.9ms)
  Rendered shared/_messages.html.haml (3.6ms)
  Rendered shared/_footer.html.haml (5.9ms)
Completed 200 OK in 2025ms (Views: 1856.7ms | ActiveRecord: 94.2ms)


Started GET "/" for ::1 at 2018-02-22 09:22:43 +0900
Processing by PrototypesController#index as HTML
  [1m[35mPrototype Load (0.4ms)[0m  SELECT  `prototypes`.* FROM `prototypes`  ORDER BY created_at DESC LIMIT 5 OFFSET 0
  Rendered prototypes/_prototype.html.haml (0.0ms)
  Rendered prototypes/index.html.haml within layouts/application (11.2ms)
  [1m[36mUser Load (0.4ms)[0m  [1mSELECT  `users`.* FROM `users` WHERE `users`.`id` = 1  ORDER BY `users`.`id` ASC LIMIT 1[0m
  Rendered shared/_header.html.haml (4.6ms)
  Rendered shared/_messages.html.haml (0.2ms)
  Rendered shared/_footer.html.haml (0.1ms)
Completed 200 OK in 77ms (Views: 74.6ms | ActiveRecord: 0.8ms)


Started GET "/" for ::1 at 2018-02-22 09:22:44 +0900
Processing by PrototypesController#index as HTML
  [1m[35mPrototype Load (0.4ms)[0m  SELECT  `prototypes`.* FROM `prototypes`  ORDER BY created_at DESC LIMIT 5 OFFSET 0
  Rendered prototypes/_prototype.html.haml (0.0ms)
  Rendered prototypes/index.html.haml within layouts/application (11.9ms)
  [1m[36mUser Load (0.4ms)[0m  [1mSELECT  `users`.* FROM `users` WHERE `users`.`id` = 1  ORDER BY `users`.`id` ASC LIMIT 1[0m
  Rendered shared/_header.html.haml (4.1ms)
  Rendered shared/_messages.html.haml (0.1ms)
  Rendered shared/_footer.html.haml (0.0ms)
Completed 200 OK in 79ms (Views: 77.3ms | ActiveRecord: 0.8ms)


Started GET "/" for ::1 at 2018-02-22 09:22:44 +0900
Processing by PrototypesController#index as HTML
  [1m[35mPrototype Load (0.7ms)[0m  SELECT  `prototypes`.* FROM `prototypes`  ORDER BY created_at DESC LIMIT 5 OFFSET 0
  Rendered prototypes/_prototype.html.haml (0.0ms)
  Rendered prototypes/index.html.haml within layouts/application (18.3ms)
  [1m[36mUser Load (0.6ms)[0m  [1mSELECT  `users`.* FROM `users` WHERE `users`.`id` = 1  ORDER BY `users`.`id` ASC LIMIT 1[0m
  Rendered shared/_header.html.haml (3.9ms)
  Rendered shared/_messages.html.haml (0.1ms)
  Rendered shared/_footer.html.haml (0.1ms)
Completed 200 OK in 101ms (Views: 98.7ms | ActiveRecord: 1.3ms)


Started GET "/assets/preview.self-28264e7839708b2cd3e22164253fd3a3c898f40f98bcd806c90b954de6f2e476.js?body=1" for ::1 at 2018-02-22 09:22:44 +0900


Started GET "/prototypes/new" for ::1 at 2018-02-22 09:22:46 +0900
Processing by PrototypesController#new as HTML
  [1m[35m (0.3ms)[0m  BEGIN
  [1m[36m (0.2ms)[0m  [1mROLLBACK[0m
  [1m[35mUser Load (0.7ms)[0m  SELECT  `users`.* FROM `users` WHERE `users`.`id` = 1  ORDER BY `users`.`id` ASC LIMIT 1
  Rendered prototypes/new.html.haml within layouts/application (84.1ms)
  Rendered shared/_header.html.haml (54.7ms)
  Rendered shared/_messages.html.haml (0.2ms)
  Rendered shared/_footer.html.haml (0.1ms)
Completed 200 OK in 1029ms (Views: 410.7ms | ActiveRecord: 155.6ms)


Started GET "/prototypes/new" for ::1 at 2018-02-22 09:23:41 +0900
Processing by PrototypesController#new as HTML
  [1m[36m (0.4ms)[0m  [1mBEGIN[0m
  [1m[35m (0.2ms)[0m  ROLLBACK
  [1m[36mUser Load (0.6ms)[0m  [1mSELECT  `users`.* FROM `users` WHERE `users`.`id` = 1  ORDER BY `users`.`id` ASC LIMIT 1[0m
  Rendered prototypes/new.html.haml within layouts/application (6.9ms)
  Rendered shared/_header.html.haml (25.6ms)
  Rendered shared/_messages.html.haml (0.2ms)
  Rendered shared/_footer.html.haml (0.1ms)
Completed 200 OK in 332ms (Views: 323.2ms | ActiveRecord: 1.2ms)


Started GET "/assets/preview.self-79e75296c45a9d5c5a6710c191d60e778440583dde6cc93ea3b7f40197d218ea.js?body=1" for ::1 at 2018-02-22 09:23:41 +0900


Started GET "/prototypes/new" for ::1 at 2018-02-22 09:28:24 +0900
Processing by PrototypesController#new as HTML
  [1m[35m (0.2ms)[0m  BEGIN
  [1m[36m (0.2ms)[0m  [1mROLLBACK[0m
  Rendered prototypes/new.html.haml within layouts/application (26.8ms)
Completed 500 Internal Server Error in 57ms (ActiveRecord: 0.4ms)

SyntaxError (/Users/owner/projects/22_protospace_team-a/app/views/prototypes/new.html.haml:18: syntax error, unexpected keyword_class, expecting ')'
..., style: "display: none;" class: "preview"
...                               ^):
  app/views/prototypes/new.html.haml:18: syntax error, unexpected keyword_class, expecting ')'
  app/controllers/prototypes_controller.rb:17:in `new'


  Rendered /Users/owner/.rbenv/versions/2.3.1/lib/ruby/gems/2.3.0/gems/actionpack-4.2.5/lib/action_dispatch/middleware/templates/rescues/_source.erb (8.1ms)
  Rendered /Users/owner/.rbenv/versions/2.3.1/lib/ruby/gems/2.3.0/gems/actionpack-4.2.5/lib/action_dispatch/middleware/templates/rescues/_trace.html.erb (5.0ms)
  Rendered /Users/owner/.rbenv/versions/2.3.1/lib/ruby/gems/2.3.0/gems/actionpack-4.2.5/lib/action_dispatch/middleware/templates/rescues/_request_and_response.html.erb (1.0ms)
  Rendered /Users/owner/.rbenv/versions/2.3.1/lib/ruby/gems/2.3.0/gems/actionpack-4.2.5/lib/action_dispatch/middleware/templates/rescues/diagnostics.html.erb within rescues/layout (186.6ms)
  Rendered /Users/owner/.rbenv/versions/2.3.1/lib/ruby/gems/2.3.0/gems/web-console-2.3.0/lib/web_console/templates/_markup.html.erb (0.9ms)
  Rendered /Users/owner/.rbenv/versions/2.3.1/lib/ruby/gems/2.3.0/gems/web-console-2.3.0/lib/web_console/templates/_inner_console_markup.html.erb within layouts/inlined_string (0.4ms)
  Rendered /Users/owner/.rbenv/versions/2.3.1/lib/ruby/gems/2.3.0/gems/web-console-2.3.0/lib/web_console/templates/_prompt_box_markup.html.erb within layouts/inlined_string (0.5ms)
  Rendered /Users/owner/.rbenv/versions/2.3.1/lib/ruby/gems/2.3.0/gems/web-console-2.3.0/lib/web_console/templates/style.css.erb within layouts/inlined_string (0.4ms)
  Rendered /Users/owner/.rbenv/versions/2.3.1/lib/ruby/gems/2.3.0/gems/web-console-2.3.0/lib/web_console/templates/console.js.erb within layouts/javascript (176.6ms)
  Rendered /Users/owner/.rbenv/versions/2.3.1/lib/ruby/gems/2.3.0/gems/web-console-2.3.0/lib/web_console/templates/main.js.erb within layouts/javascript (0.4ms)
  Rendered /Users/owner/.rbenv/versions/2.3.1/lib/ruby/gems/2.3.0/gems/web-console-2.3.0/lib/web_console/templates/error_page.js.erb within layouts/javascript (0.5ms)
  Rendered /Users/owner/.rbenv/versions/2.3.1/lib/ruby/gems/2.3.0/gems/web-console-2.3.0/lib/web_console/templates/index.html.erb (379.4ms)


Started GET "/prototypes/new" for ::1 at 2018-02-22 09:28:46 +0900
Processing by PrototypesController#new as HTML
  [1m[35m (0.2ms)[0m  BEGIN
  [1m[36m (0.2ms)[0m  [1mROLLBACK[0m
  [1m[35mUser Load (0.5ms)[0m  SELECT  `users`.* FROM `users` WHERE `users`.`id` = 1  ORDER BY `users`.`id` ASC LIMIT 1
  Rendered prototypes/new.html.haml within layouts/application (16.1ms)
  Rendered shared/_header.html.haml (13.4ms)
  Rendered shared/_messages.html.haml (0.2ms)
  Rendered shared/_footer.html.haml (0.1ms)
Completed 200 OK in 424ms (Views: 418.6ms | ActiveRecord: 0.9ms)


Started GET "/assets/preview.self-8cf4bd9b24755b7ca4af5c9b45e096bf8311cdc907d4416e98a6df47dd75cb81.js?body=1" for ::1 at 2018-02-22 09:28:47 +0900


Started GET "/prototypes/new" for ::1 at 2018-02-22 09:35:38 +0900
Processing by PrototypesController#new as HTML
  [1m[36m (0.3ms)[0m  [1mBEGIN[0m
  [1m[35m (0.2ms)[0m  ROLLBACK
  [1m[36mUser Load (0.5ms)[0m  [1mSELECT  `users`.* FROM `users` WHERE `users`.`id` = 1  ORDER BY `users`.`id` ASC LIMIT 1[0m
  Rendered prototypes/new.html.haml within layouts/application (7.9ms)
  Rendered shared/_header.html.haml (13.0ms)
  Rendered shared/_messages.html.haml (0.2ms)
  Rendered shared/_footer.html.haml (0.1ms)
Completed 200 OK in 390ms (Views: 379.0ms | ActiveRecord: 1.0ms)


Started GET "/assets/preview.self-4addd0dd503cf7f872534c0f53e94701a2550e2119d522a43f935da45dd802c4.js?body=1" for ::1 at 2018-02-22 09:35:39 +0900


Started GET "/prototypes/new" for ::1 at 2018-02-22 09:36:38 +0900
Processing by PrototypesController#new as HTML
  [1m[35m (0.2ms)[0m  BEGIN
  [1m[36m (0.2ms)[0m  [1mROLLBACK[0m
  [1m[35mUser Load (0.7ms)[0m  SELECT  `users`.* FROM `users` WHERE `users`.`id` = 1  ORDER BY `users`.`id` ASC LIMIT 1
  Rendered prototypes/new.html.haml within layouts/application (8.3ms)
  Rendered shared/_header.html.haml (14.6ms)
  Rendered shared/_messages.html.haml (0.2ms)
  Rendered shared/_footer.html.haml (0.2ms)
Completed 200 OK in 405ms (Views: 398.6ms | ActiveRecord: 1.1ms)


Started GET "/assets/preview.self-7af80466cb852630fd04bfaab3a039f3b0af9346fd72706d56adc9b9d1b56da3.js?body=1" for ::1 at 2018-02-22 09:36:39 +0900


Started GET "/prototypes/new" for ::1 at 2018-02-22 09:37:13 +0900
Processing by PrototypesController#new as HTML
  [1m[36m (0.2ms)[0m  [1mBEGIN[0m
  [1m[35m (0.2ms)[0m  ROLLBACK
  [1m[36mUser Load (0.7ms)[0m  [1mSELECT  `users`.* FROM `users` WHERE `users`.`id` = 1  ORDER BY `users`.`id` ASC LIMIT 1[0m
  Rendered prototypes/new.html.haml within layouts/application (8.5ms)
  Rendered shared/_header.html.haml (9.8ms)
  Rendered shared/_messages.html.haml (0.1ms)
  Rendered shared/_footer.html.haml (0.1ms)
Completed 200 OK in 290ms (Views: 281.3ms | ActiveRecord: 1.1ms)


Started GET "/assets/preview.self-e6c187b68a16a925d421add54acc33df7ecceafe67f3e73b43854e9eb503a7dd.js?body=1" for ::1 at 2018-02-22 09:37:14 +0900


Started GET "/prototypes/new" for ::1 at 2018-02-22 09:37:28 +0900
Processing by PrototypesController#new as HTML
  [1m[35m (0.2ms)[0m  BEGIN
  [1m[36m (0.2ms)[0m  [1mROLLBACK[0m
  [1m[35mUser Load (0.5ms)[0m  SELECT  `users`.* FROM `users` WHERE `users`.`id` = 1  ORDER BY `users`.`id` ASC LIMIT 1
  Rendered prototypes/new.html.haml within layouts/application (5.5ms)
  Rendered shared/_header.html.haml (18.1ms)
  Rendered shared/_messages.html.haml (0.2ms)
  Rendered shared/_footer.html.haml (0.1ms)
Completed 200 OK in 313ms (Views: 306.3ms | ActiveRecord: 1.0ms)


Started GET "/assets/preview.self-ae7cae01cf7bc1d7af370e16982ae8d761557031644b323851596d7c2a218ac4.js?body=1" for ::1 at 2018-02-22 09:37:28 +0900


Started GET "/prototypes/new" for ::1 at 2018-02-22 09:38:23 +0900
Processing by PrototypesController#new as HTML
  [1m[36m (0.2ms)[0m  [1mBEGIN[0m
  [1m[35m (0.2ms)[0m  ROLLBACK
  [1m[36mUser Load (0.4ms)[0m  [1mSELECT  `users`.* FROM `users` WHERE `users`.`id` = 1  ORDER BY `users`.`id` ASC LIMIT 1[0m
  Rendered prototypes/new.html.haml within layouts/application (5.1ms)
  Rendered shared/_header.html.haml (13.0ms)
  Rendered shared/_messages.html.haml (0.2ms)
  Rendered shared/_footer.html.haml (0.1ms)
Completed 200 OK in 431ms (Views: 423.0ms | ActiveRecord: 0.8ms)


Started GET "/assets/preview.self-6920478d8f97d58a70af92e1d3973490b61bf632b0e8493138bb06434fe32d35.js?body=1" for ::1 at 2018-02-22 09:38:23 +0900


Started GET "/prototypes/new" for ::1 at 2018-02-22 09:40:42 +0900
Processing by PrototypesController#new as HTML
  [1m[35m (0.3ms)[0m  BEGIN
  [1m[36m (0.2ms)[0m  [1mROLLBACK[0m
  [1m[35mUser Load (0.5ms)[0m  SELECT  `users`.* FROM `users` WHERE `users`.`id` = 1  ORDER BY `users`.`id` ASC LIMIT 1
  Rendered prototypes/new.html.haml within layouts/application (27.2ms)
  Rendered shared/_header.html.haml (36.0ms)
  Rendered shared/_messages.html.haml (0.2ms)
  Rendered shared/_footer.html.haml (0.2ms)
Completed 200 OK in 337ms (Views: 327.2ms | ActiveRecord: 1.0ms)


Started GET "/prototypes/new" for ::1 at 2018-02-22 09:41:32 +0900
Processing by PrototypesController#new as HTML
  [1m[36m (0.3ms)[0m  [1mBEGIN[0m
  [1m[35m (0.2ms)[0m  ROLLBACK
  [1m[36mUser Load (0.4ms)[0m  [1mSELECT  `users`.* FROM `users` WHERE `users`.`id` = 1  ORDER BY `users`.`id` ASC LIMIT 1[0m
  Rendered prototypes/new.html.haml within layouts/application (19.4ms)
  Rendered shared/_header.html.haml (14.9ms)
  Rendered shared/_messages.html.haml (0.2ms)
  Rendered shared/_footer.html.haml (0.2ms)
Completed 200 OK in 327ms (Views: 318.1ms | ActiveRecord: 1.0ms)


Started GET "/prototypes/new" for ::1 at 2018-02-22 09:42:00 +0900
Processing by PrototypesController#new as HTML
  [1m[35m (0.2ms)[0m  BEGIN
  [1m[36m (0.2ms)[0m  [1mROLLBACK[0m
  [1m[35mUser Load (0.6ms)[0m  SELECT  `users`.* FROM `users` WHERE `users`.`id` = 1  ORDER BY `users`.`id` ASC LIMIT 1
  Rendered prototypes/new.html.haml within layouts/application (21.8ms)
  Rendered shared/_header.html.haml (14.1ms)
  Rendered shared/_messages.html.haml (0.2ms)
  Rendered shared/_footer.html.haml (0.1ms)
Completed 200 OK in 399ms (Views: 389.3ms | ActiveRecord: 1.0ms)


Started GET "/assets/preview.self-c4665bdfbac39724bbc6e6d1bc8bb2df9abae4c995e5e0f426ea80c8cde64b1c.js?body=1" for ::1 at 2018-02-22 09:42:01 +0900


Started GET "/prototypes/new" for ::1 at 2018-02-22 09:42:18 +0900
Processing by PrototypesController#new as HTML
  [1m[36m (0.2ms)[0m  [1mBEGIN[0m
  [1m[35m (0.2ms)[0m  ROLLBACK
  [1m[36mUser Load (0.6ms)[0m  [1mSELECT  `users`.* FROM `users` WHERE `users`.`id` = 1  ORDER BY `users`.`id` ASC LIMIT 1[0m
  Rendered prototypes/new.html.haml within layouts/application (4.9ms)
  Rendered shared/_header.html.haml (2.1ms)
  Rendered shared/_messages.html.haml (0.2ms)
  Rendered shared/_footer.html.haml (0.1ms)
Completed 200 OK in 65ms (Views: 57.6ms | ActiveRecord: 1.0ms)
